[
    {
        "status": 0,
        "timestamp": 1719781065343,
        "cmd_timestamp": 1719781064889,
        "cmd": "show ip arp",
        "devtype": "ios",
        "namespace": "lab",
        "hostname": "73-lab-cis2",
        "address": "172.16.14.3",
        "version": "15.2(7)E6",
        "data": "show ip arp\r\nProtocol  Address          Age (min)  Hardware Addr   Type   Interface\r\nInternet  10.226.5.11             -   0008.2fdb.16c1  ARPA   Vlan701\r\nInternet  10.252.94.80            -   0008.2fdb.16c2  ARPA   Vlan754\r\nInternet  172.16.14.1             0   0000.0c9f.f001  ARPA   Vlan900\r\nInternet  172.16.14.3             -   0008.2fdb.16c3  ARPA   Vlan900\r\n73-lab-cis2#"
    },
    {
        "status": 0,
        "timestamp": 1719781065677,
        "cmd_timestamp": 1719781065344,
        "cmd": "show ipv6 neighbors",
        "devtype": "ios",
        "namespace": "lab",
        "hostname": "73-lab-cis2",
        "address": "172.16.14.3",
        "version": "15.2(7)E6",
        "data": "show ipv6 neighbors\r\n73-lab-cis2#"
    }
][
    {
        "status": 0,
        "timestamp": 1719783274641,
        "cmd_timestamp": 1719783274305,
        "cmd": "show ip arp",
        "devtype": "ios",
        "namespace": "lab",
        "hostname": "73-lab-cis1",
        "address": "73-lab-cis1.telcom.arizona.edu",
        "version": "15.2(7)E4",
        "data": "show ip arp\r\nProtocol  Address          Age (min)  Hardware Addr   Type   Interface\r\nInternet  172.16.14.1            90   0000.0c9f.f001  ARPA   Vlan900\r\nInternet  172.16.14.2             -   5006.aba6.5845  ARPA   Vlan900\r\nInternet  172.16.14.13           90   4cec.0f1b.9bc5  ARPA   Vlan900\r\nInternet  172.16.146.50         184   bc8d.1f90.1d45  ARPA   Vlan900\r\n73-lab-cis1#"
    },
    {
        "status": 0,
        "timestamp": 1719783275065,
        "cmd_timestamp": 1719783274642,
        "cmd": "show ipv6 neighbors",
        "devtype": "ios",
        "namespace": "lab",
        "hostname": "73-lab-cis1",
        "address": "73-lab-cis1.telcom.arizona.edu",
        "version": "15.2(7)E4",
        "data": "show ipv6 neighbors\r\n73-lab-cis1#"
    }
][
    {
        "status": 0,
        "timestamp": 1720049305797,
        "cmd_timestamp": 1720049305513,
        "cmd": "show ip arp",
        "devtype": "ios",
        "namespace": "string",
        "hostname": "73-lab-cis1",
        "address": "73-lab-cis1.telcom.arizona.edu",
        "version": "15.2(7)E4",
        "data": "show ip arp\r\nProtocol  Address          Age (min)  Hardware Addr   Type   Interface\r\nInternet  172.16.14.1           208   0000.0c9f.f001  ARPA   Vlan900\r\nInternet  172.16.14.2             -   5006.aba6.5845  ARPA   Vlan900\r\nInternet  172.16.14.13           15   4cec.0f1b.9bc5  ARPA   Vlan900\r\n73-lab-cis1#"
    },
    {
        "status": 0,
        "timestamp": 1720049306073,
        "cmd_timestamp": 1720049305797,
        "cmd": "show ipv6 neighbors",
        "devtype": "ios",
        "namespace": "string",
        "hostname": "73-lab-cis1",
        "address": "73-lab-cis1.telcom.arizona.edu",
        "version": "15.2(7)E4",
        "data": "show ipv6 neighbors\r\n73-lab-cis1#"
    }
]