[
    {
        "status": 0,
        "timestamp": 1719781066132,
        "cmd_timestamp": 1719781065706,
        "cmd": "show inventory",
        "devtype": "ios",
        "namespace": "lab",
        "hostname": "73-lab-cis2",
        "address": "172.16.14.3",
        "version": "15.2(7)E6",
        "data": "show inventory\r\nNAME: \"1\", DESCR: \"WS-C2960X-24PD-L\"\r\nPID: WS-C2960X-24PD-L  , VID: V02  , SN: FOC1827S31W\r\n\r\nNAME: \"GigabitEthernet1/0/25\", DESCR: \"1000BaseSX SFP\"\r\nPID: GLC-SX-MM         , VID:      , SN: FNS11090E06     \r\n\r\nNAME: \"GigabitEthernet1/0/26\", DESCR: \"1000BaseSX SFP\"\r\nPID:                   , VID:      , SN: AGA1503L3MT     \r\n\r\n\r\n73-lab-cis2#"
    }
][
    {
        "status": 0,
        "timestamp": 1719783271807,
        "cmd_timestamp": 1719783271405,
        "cmd": "show inventory",
        "devtype": "ios",
        "namespace": "lab",
        "hostname": "73-lab-cis1",
        "address": "73-lab-cis1.telcom.arizona.edu",
        "version": "15.2(7)E4",
        "data": "show inventory\r\nNAME: \"2\", DESCR: \"WS-C2960X-24PD-L\"\r\nPID: WS-C2960X-24PD-L  , VID: V04  , SN: FCW1941A3DA\r\n\r\nNAME: \"Switch 2 - FlexStackPlus Module\", DESCR: \"Stacking Module\"\r\nPID: C2960X-STACK      , VID: V01  , SN: FOC194511RV\r\n\r\nNAME: \"1\", DESCR: \"WS-C2960X-24PD-L\"\r\nPID: WS-C2960X-24PD-L  , VID: V04  , SN: FCW2010A0E6\r\n\r\nNAME: \"Switch 1 - FlexStackPlus Module\", DESCR: \"Stacking Module\"\r\nPID: C2960X-STACK      , VID: V01  , SN: FOC194511RP\r\n\r\nNAME: \"GigabitEthernet1/0/25\", DESCR: \"1000BaseSX SFP\"\r\nPID:                   , VID:      , SN: FNS1008QEXB     \r\n\r\nNAME: \"TenGigabitEthernet1/0/2\", DESCR: \"SFP-10GBase-CX1\"\r\nPID: SFP-H10GB-CU3M      , VID: ^A    , SN: MG10C210101     \r\n\r\n\r\n73-lab-cis1#"
    }
][
    {
        "status": 0,
        "timestamp": 1720049306381,
        "cmd_timestamp": 1720049306106,
        "cmd": "show inventory",
        "devtype": "ios",
        "namespace": "string",
        "hostname": "73-lab-cis1",
        "address": "73-lab-cis1.telcom.arizona.edu",
        "version": "15.2(7)E4",
        "data": "show inventory\r\nNAME: \"2\", DESCR: \"WS-C2960X-24PD-L\"\r\nPID: WS-C2960X-24PD-L  , VID: V04  , SN: FCW1941A3DA\r\n\r\nNAME: \"Switch 2 - FlexStackPlus Module\", DESCR: \"Stacking Module\"\r\nPID: C2960X-STACK      , VID: V01  , SN: FOC194511RV\r\n\r\nNAME: \"1\", DESCR: \"WS-C2960X-24PD-L\"\r\nPID: WS-C2960X-24PD-L  , VID: V04  , SN: FCW2010A0E6\r\n\r\nNAME: \"Switch 1 - FlexStackPlus Module\", DESCR: \"Stacking Module\"\r\nPID: C2960X-STACK      , VID: V01  , SN: FOC194511RP\r\n\r\nNAME: \"GigabitEthernet1/0/25\", DESCR: \"1000BaseSX SFP\"\r\nPID:                   , VID:      , SN: FNS1008QEXB     \r\n\r\nNAME: \"TenGigabitEthernet1/0/2\", DESCR: \"SFP-10GBase-CX1\"\r\nPID: SFP-H10GB-CU3M      , VID: ^A    , SN: MG10C210101     \r\n\r\n\r\n73-lab-cis1#"
    }
]