[
    {
        "status": 0,
        "timestamp": 1719781067220,
        "cmd_timestamp": 1719781066815,
        "cmd": "show cdp neighbors",
        "devtype": "ios",
        "namespace": "lab",
        "hostname": "73-lab-cis2",
        "address": "172.16.14.3",
        "version": "15.2(7)E6",
        "data": "show cdp neighbors\r\nCapability Codes: R - Router, T - Trans Bridge, B - Source Route Bridge\r\n                  S - Switch, H - Host, I - IGMP, r - Repeater, P - Phone, \r\n                  D - Remote, C - CVTA, M - Two-port Mac Relay \r\n\r\nDevice ID        Local Intrfce     Holdtme    Capability  Platform  Port ID\r\n73-lab-cir1.telcom.arizona.edu\r\n                 Gig 1/0/25        138             R S I  C9300X-12 Twe 1/0/2\r\n\r\nTotal cdp entries displayed : 1\r\n73-lab-cis2#"
    },
    {
        "status": 0,
        "timestamp": 1719781067623,
        "cmd_timestamp": 1719781067221,
        "cmd": "show lldp neighbors",
        "devtype": "ios",
        "namespace": "lab",
        "hostname": "73-lab-cis2",
        "address": "172.16.14.3",
        "version": "15.2(7)E6",
        "data": "show lldp neighbors\r\nCapability codes:\r\n    (R) Router, (B) Bridge, (T) Telephone, (C) DOCSIS Cable Device\r\n    (W) WLAN Access Point, (P) Repeater, (S) Station, (O) Other\r\n\r\nDevice ID           Local Intf     Hold-time  Capability      Port ID\r\n73-lab-cir1.telcom.aGi1/0/25       120        B,R             Twe1/0/2\r\n\r\nTotal entries displayed: 1\r\n\r\n73-lab-cis2#"
    }
][
    {
        "status": 0,
        "timestamp": 1719783273597,
        "cmd_timestamp": 1719783272899,
        "cmd": "show cdp neighbors",
        "devtype": "ios",
        "namespace": "lab",
        "hostname": "73-lab-cis1",
        "address": "73-lab-cis1.telcom.arizona.edu",
        "version": "15.2(7)E4",
        "data": "show cdp neighbors\r\nCapability Codes: R - Router, T - Trans Bridge, B - Source Route Bridge\r\n                  S - Switch, H - Host, I - IGMP, r - Repeater, P - Phone, \r\n                  D - Remote, C - CVTA, M - Two-port Mac Relay \r\n\r\nDevice ID        Local Intrfce     Holdtme    Capability  Platform  Port ID\r\n73-lab-cir1.telcom.arizona.edu\r\n                 Gig 1/0/25        161             R S I  C9300X-12 Twe 1/0/3\r\nSwitch           Gig 1/0/14        178              S I   C9200L-48 Gig 1/0/1\r\n73-lab-cis13.telcom.arizona.edu\r\n                 Gig 1/0/23        140              S I   C9300L-48 Gig 1/0/1\r\n\r\nTotal cdp entries displayed : 3\r\n73-lab-cis1#"
    },
    {
        "status": 0,
        "timestamp": 1719783274280,
        "cmd_timestamp": 1719783273597,
        "cmd": "show lldp neighbors",
        "devtype": "ios",
        "namespace": "lab",
        "hostname": "73-lab-cis1",
        "address": "73-lab-cis1.telcom.arizona.edu",
        "version": "15.2(7)E4",
        "data": "show lldp neighbors\r\nCapability codes:\r\n    (R) Router, (B) Bridge, (T) Telephone, (C) DOCSIS Cable Device\r\n    (W) WLAN Access Point, (P) Repeater, (S) Station, (O) Other\r\n\r\nDevice ID           Local Intf     Hold-time  Capability      Port ID\r\n73-lab-cir1.telcom.aGi1/0/25       120        B,R             Twe1/0/3\r\n73-lab-cis13.telcom.Gi1/0/23       120        B               Gi1/0/1\r\n\r\nTotal entries displayed: 2\r\n\r\n73-lab-cis1#"
    }
][
    {
        "status": 0,
        "timestamp": 1720049302188,
        "cmd_timestamp": 1720049301909,
        "cmd": "show cdp neighbors",
        "devtype": "ios",
        "namespace": "string",
        "hostname": "73-lab-cis1",
        "address": "73-lab-cis1.telcom.arizona.edu",
        "version": "15.2(7)E4",
        "data": "show cdp neighbors\r\nCapability Codes: R - Router, T - Trans Bridge, B - Source Route Bridge\r\n                  S - Switch, H - Host, I - IGMP, r - Repeater, P - Phone, \r\n                  D - Remote, C - CVTA, M - Two-port Mac Relay \r\n\r\nDevice ID        Local Intrfce     Holdtme    Capability  Platform  Port ID\r\n73-lab-cir1.telcom.arizona.edu\r\n                 Gig 1/0/25        141             R S I  C9300X-12 Twe 1/0/3\r\nSwitch           Gig 1/0/14        136              S I   C9200L-48 Gig 1/0/1\r\n73-lab-cis13.telcom.arizona.edu\r\n                 Gig 1/0/23        163              S I   C9300L-48 Gig 1/0/1\r\n\r\nTotal cdp entries displayed : 3\r\n73-lab-cis1#"
    },
    {
        "status": 0,
        "timestamp": 1720049302468,
        "cmd_timestamp": 1720049302189,
        "cmd": "show lldp neighbors",
        "devtype": "ios",
        "namespace": "string",
        "hostname": "73-lab-cis1",
        "address": "73-lab-cis1.telcom.arizona.edu",
        "version": "15.2(7)E4",
        "data": "show lldp neighbors\r\nCapability codes:\r\n    (R) Router, (B) Bridge, (T) Telephone, (C) DOCSIS Cable Device\r\n    (W) WLAN Access Point, (P) Repeater, (S) Station, (O) Other\r\n\r\nDevice ID           Local Intf     Hold-time  Capability      Port ID\r\n73-lab-cir1.telcom.aGi1/0/25       120        B,R             Twe1/0/3\r\n73-lab-cis13.telcom.Gi1/0/23       120        B               Gi1/0/1\r\n\r\nTotal entries displayed: 2\r\n\r\n73-lab-cis1#"
    }
]