[
    {
        "status": 0,
        "timestamp": 1719781061554,
        "cmd_timestamp": 1719781060961,
        "cmd": "show mac address-table",
        "devtype": "ios",
        "namespace": "lab",
        "hostname": "73-lab-cis2",
        "address": "172.16.14.3",
        "version": "15.2(7)E6",
        "data": "show mac address-table\r\n          Mac Address Table\r\n-------------------------------------------\r\n\r\nVlan    Mac Address       Type        Ports\r\n----    -----------       --------    -----\r\n All    0100.0ccc.cccc    STATIC      CPU\r\n All    0100.0ccc.cccd    STATIC      CPU\r\n All    0100.0ccd.cddc    STATIC      CPU\r\n All    0180.c200.0000    STATIC      CPU\r\n All    0180.c200.0001    STATIC      CPU\r\n All    0180.c200.0002    STATIC      CPU\r\n All    0180.c200.0003    STATIC      CPU\r\n All    0180.c200.0004    STATIC      CPU\r\n All    0180.c200.0005    STATIC      CPU\r\n All    0180.c200.0006    STATIC      CPU\r\n All    0180.c200.0007    STATIC      CPU\r\n All    0180.c200.0008    STATIC      CPU\r\n All    0180.c200.0009    STATIC      CPU\r\n All    0180.c200.000a    STATIC      CPU\r\n All    0180.c200.000b    STATIC      CPU\r\n All    0180.c200.000c    STATIC      CPU\r\n All    0180.c200.000d    STATIC      CPU\r\n All    0180.c200.000e    STATIC      CPU\r\n All    0180.c200.000f    STATIC      CPU\r\n All    0180.c200.0010    STATIC      CPU\r\n All    ffff.ffff.ffff    STATIC      CPU\r\n 105    0000.0c9f.f001    DYNAMIC     Gi1/0/25\r\n 105    bc8d.1f90.1d02    DYNAMIC     Gi1/0/25\r\n 200    0000.0c07.ac01    DYNAMIC     Gi1/0/25\r\n 200    bc8d.1f90.1d02    DYNAMIC     Gi1/0/25\r\n 200    bc8d.1f90.1d62    DYNAMIC     Gi1/0/25\r\n   1    000b.4fe8.1111    STATIC      Gi1/0/3 \r\n   1    000b.4fe8.2222    STATIC      Gi1/0/3 \r\n   1    bc8d.1f90.1d02    DYNAMIC     Gi1/0/25\r\n 910    0000.0c07.ac01    DYNAMIC     Gi1/0/25\r\n 910    00b7.7115.483c    DYNAMIC     Gi1/0/25\r\n 910    7c21.0e4c.62f6    DYNAMIC     Gi1/0/25\r\n 910    881d.fc3a.f2c4    DYNAMIC     Gi1/0/25\r\n 910    bc8d.1f90.1d02    DYNAMIC     Gi1/0/25\r\n 910    bc8d.1f90.1d7e    DYNAMIC     Gi1/0/25\r\n 100    bc8d.1f90.1d02    DYNAMIC     Gi1/0/25\r\n 101    0000.0c07.ac01    DYNAMIC     Gi1/0/25\r\n 101    bc8d.1f90.1d02    DYNAMIC     Gi1/0/25\r\n 502    bc8d.1f90.1d02    DYNAMIC     Gi1/0/25\r\n 666    bc8d.1f90.1d02    DYNAMIC     Gi1/0/25\r\n 754    0000.0c9f.f001    DYNAMIC     Gi1/0/25\r\n 754    5006.ab17.cfc1    DYNAMIC     Gi1/0/25\r\n 754    bc8d.1f90.1d02    DYNAMIC     Gi1/0/25\r\n 754    bc8d.1f90.1d47    DYNAMIC     Gi1/0/25\r\n 754    d867.d989.1d42    DYNAMIC     Gi1/0/25\r\n 900    0000.0c9f.f001    DYNAMIC     Gi1/0/25\r\n 900    5006.ab17.cfc2    DYNAMIC     Gi1/0/25\r\n 900    5006.aba6.5845    DYNAMIC     Gi1/0/25\r\n 900    bc8d.1f90.1d02    DYNAMIC     Gi1/0/25\r\n 900    bc8d.1f90.1d45    DYNAMIC     Gi1/0/25\r\n 900    d4c1.9e56.eba0    DYNAMIC     Gi1/0/25\r\n 990    0000.0c9f.f001    DYNAMIC     Gi1/0/25\r\n 990    bc8d.1f90.1d02    DYNAMIC     Gi1/0/25\r\n 990    bc8d.1f90.1d73    DYNAMIC     Gi1/0/25\r\n 999    bc8d.1f90.1d02    DYNAMIC     Gi1/0/25\r\nTotal Mac Addresses for this criterion: 55\r\n73-lab-cis2#"
    }
][
    {
        "status": 0,
        "timestamp": 1719783277363,
        "cmd_timestamp": 1719783276870,
        "cmd": "show mac address-table",
        "devtype": "ios",
        "namespace": "lab",
        "hostname": "73-lab-cis1",
        "address": "73-lab-cis1.telcom.arizona.edu",
        "version": "15.2(7)E4",
        "data": "show mac address-table\r\n          Mac Address Table\r\n-------------------------------------------\r\n\r\nVlan    Mac Address       Type        Ports\r\n----    -----------       --------    -----\r\n All    0100.0ccc.cccc    STATIC      CPU\r\n All    0100.0ccc.cccd    STATIC      CPU\r\n All    0100.0ccd.cddc    STATIC      CPU\r\n All    0180.c200.0000    STATIC      CPU\r\n All    0180.c200.0001    STATIC      CPU\r\n All    0180.c200.0002    STATIC      CPU\r\n All    0180.c200.0003    STATIC      CPU\r\n All    0180.c200.0004    STATIC      CPU\r\n All    0180.c200.0005    STATIC      CPU\r\n All    0180.c200.0006    STATIC      CPU\r\n All    0180.c200.0007    STATIC      CPU\r\n All    0180.c200.0008    STATIC      CPU\r\n All    0180.c200.0009    STATIC      CPU\r\n All    0180.c200.000a    STATIC      CPU\r\n All    0180.c200.000b    STATIC      CPU\r\n All    0180.c200.000c    STATIC      CPU\r\n All    0180.c200.000d    STATIC      CPU\r\n All    0180.c200.000e    STATIC      CPU\r\n All    0180.c200.000f    STATIC      CPU\r\n All    0180.c200.0010    STATIC      CPU\r\n All    ffff.ffff.ffff    STATIC      CPU\r\n   1    00cc.fcd8.8301    DYNAMIC     Gi1/0/2\r\n   1    4cec.0f1b.9b81    DYNAMIC     Gi1/0/23\r\n   1    bc8d.1f90.1d03    DYNAMIC     Gi1/0/25\r\n  20    bc8d.1f90.1d03    DYNAMIC     Gi1/0/25\r\n 100    bc8d.1f90.1d03    DYNAMIC     Gi1/0/25\r\n 101    0000.0c07.ac01    DYNAMIC     Gi1/0/25\r\n 101    bc8d.1f90.1d03    DYNAMIC     Gi1/0/25\r\n 105    0000.0c9f.f001    DYNAMIC     Gi1/0/25\r\n 105    bc8d.1f90.1d03    DYNAMIC     Gi1/0/25\r\n 106    bc8d.1f90.1d03    DYNAMIC     Gi1/0/25\r\n 200    0000.0c07.ac01    DYNAMIC     Gi1/0/25\r\n 200    bc8d.1f90.1d03    DYNAMIC     Gi1/0/25\r\n 200    bc8d.1f90.1d62    DYNAMIC     Gi1/0/25\r\n 500    bc8d.1f90.1d03    DYNAMIC     Gi1/0/25\r\n 666    bc8d.1f90.1d03    DYNAMIC     Gi1/0/25\r\n 700    34f8.e724.6c00    DYNAMIC     Gi1/0/25\r\n 700    5c5a.c742.0d81    STATIC      Gi1/0/14 \r\n 700    5c5a.c742.0dc7    STATIC      Gi1/0/14 \r\n 700    bc8d.1f90.1d03    DYNAMIC     Gi1/0/25\r\n 754    0000.0c9f.f001    DYNAMIC     Gi1/0/25\r\n 754    bc8d.1f90.1d03    DYNAMIC     Gi1/0/25\r\n 754    bc8d.1f90.1d47    DYNAMIC     Gi1/0/25\r\n 754    d867.d989.1d42    DYNAMIC     Gi1/0/25\r\n 875    0000.0c07.ac01    DYNAMIC     Gi1/0/25\r\n 875    bc8d.1f90.1d03    DYNAMIC     Gi1/0/25\r\n 900    0000.0c9f.f001    DYNAMIC     Gi1/0/25\r\n 900    0008.2fdb.16c3    DYNAMIC     Gi1/0/25\r\n 900    bc8d.1f90.1d03    DYNAMIC     Gi1/0/25\r\n 900    bc8d.1f90.1d45    DYNAMIC     Gi1/0/25\r\n 900    d4c1.9e56.eba0    DYNAMIC     Gi1/0/25\r\n 910    0000.0c07.ac01    DYNAMIC     Gi1/0/25\r\n 910    00b7.7115.483c    DYNAMIC     Gi1/0/25\r\n 910    7c21.0e4c.62f6    DYNAMIC     Gi1/0/25\r\n 910    881d.fc3a.f2c4    DYNAMIC     Gi1/0/25\r\n 910    bc8d.1f90.1d03    DYNAMIC     Gi1/0/25\r\n 910    bc8d.1f90.1d7e    DYNAMIC     Gi1/0/25\r\n 990    0000.0c9f.f001    DYNAMIC     Gi1/0/25\r\n 990    bc8d.1f90.1d03    DYNAMIC     Gi1/0/25\r\n 990    bc8d.1f90.1d73    DYNAMIC     Gi1/0/25\r\n 999    4cec.0f1b.9b81    DYNAMIC     Gi1/0/23\r\n 999    bc8d.1f90.1d03    DYNAMIC     Gi1/0/25\r\n 150    bc8d.1f90.1d03    DYNAMIC     Gi1/0/25\r\n 150    bc8d.1f90.1d7d    DYNAMIC     Gi1/0/25\r\n 151    bc8d.1f90.1d03    DYNAMIC     Gi1/0/25\r\n 151    bc8d.1f90.1d4d    DYNAMIC     Gi1/0/25\r\n 152    bc8d.1f90.1d03    DYNAMIC     Gi1/0/25\r\n 152    bc8d.1f90.1d59    DYNAMIC     Gi1/0/25\r\n 503    bc8d.1f90.1d03    DYNAMIC     Gi1/0/25\r\n 503    bc8d.1f90.1d56    DYNAMIC     Gi1/0/25\r\nTotal Mac Addresses for this criterion: 70\r\n73-lab-cis1#"
    }
][
    {
        "status": 0,
        "timestamp": 1720049308246,
        "cmd_timestamp": 1720049307910,
        "cmd": "show mac address-table",
        "devtype": "ios",
        "namespace": "string",
        "hostname": "73-lab-cis1",
        "address": "73-lab-cis1.telcom.arizona.edu",
        "version": "15.2(7)E4",
        "data": "show mac address-table\r\n          Mac Address Table\r\n-------------------------------------------\r\n\r\nVlan    Mac Address       Type        Ports\r\n----    -----------       --------    -----\r\n All    0100.0ccc.cccc    STATIC      CPU\r\n All    0100.0ccc.cccd    STATIC      CPU\r\n All    0100.0ccd.cddc    STATIC      CPU\r\n All    0180.c200.0000    STATIC      CPU\r\n All    0180.c200.0001    STATIC      CPU\r\n All    0180.c200.0002    STATIC      CPU\r\n All    0180.c200.0003    STATIC      CPU\r\n All    0180.c200.0004    STATIC      CPU\r\n All    0180.c200.0005    STATIC      CPU\r\n All    0180.c200.0006    STATIC      CPU\r\n All    0180.c200.0007    STATIC      CPU\r\n All    0180.c200.0008    STATIC      CPU\r\n All    0180.c200.0009    STATIC      CPU\r\n All    0180.c200.000a    STATIC      CPU\r\n All    0180.c200.000b    STATIC      CPU\r\n All    0180.c200.000c    STATIC      CPU\r\n All    0180.c200.000d    STATIC      CPU\r\n All    0180.c200.000e    STATIC      CPU\r\n All    0180.c200.000f    STATIC      CPU\r\n All    0180.c200.0010    STATIC      CPU\r\n All    ffff.ffff.ffff    STATIC      CPU\r\n   1    00cc.fcd8.8301    DYNAMIC     Gi1/0/2\r\n   1    4cec.0f1b.9b81    DYNAMIC     Gi1/0/23\r\n   1    bc8d.1f90.1d03    DYNAMIC     Gi1/0/25\r\n  20    bc8d.1f90.1d03    DYNAMIC     Gi1/0/25\r\n 100    bc8d.1f90.1d03    DYNAMIC     Gi1/0/25\r\n 101    0000.0c07.ac01    DYNAMIC     Gi1/0/25\r\n 101    bc8d.1f90.1d03    DYNAMIC     Gi1/0/25\r\n 105    0000.0c9f.f001    DYNAMIC     Gi1/0/25\r\n 105    bc8d.1f90.1d03    DYNAMIC     Gi1/0/25\r\n 106    bc8d.1f90.1d03    DYNAMIC     Gi1/0/25\r\n 200    0000.0c07.ac01    DYNAMIC     Gi1/0/25\r\n 200    bc8d.1f90.1d03    DYNAMIC     Gi1/0/25\r\n 200    bc8d.1f90.1d62    DYNAMIC     Gi1/0/25\r\n 500    bc8d.1f90.1d03    DYNAMIC     Gi1/0/25\r\n 666    bc8d.1f90.1d03    DYNAMIC     Gi1/0/25\r\n 700    5c5a.c742.0d81    STATIC      Gi1/0/14 \r\n 700    5c5a.c742.0dc7    STATIC      Gi1/0/14 \r\n 700    bc8d.1f90.1d03    DYNAMIC     Gi1/0/25\r\n 754    0000.0c9f.f001    DYNAMIC     Gi1/0/25\r\n 754    bc8d.1f90.1d03    DYNAMIC     Gi1/0/25\r\n 754    bc8d.1f90.1d47    DYNAMIC     Gi1/0/25\r\n 875    0000.0c07.ac01    DYNAMIC     Gi1/0/25\r\n 875    bc8d.1f90.1d03    DYNAMIC     Gi1/0/25\r\n 900    0000.0c9f.f001    DYNAMIC     Gi1/0/25\r\n 900    0008.2fdb.16c3    DYNAMIC     Gi1/0/25\r\n 900    4cec.0f1b.9bc5    DYNAMIC     Gi1/0/23\r\n 900    bc8d.1f90.1d03    DYNAMIC     Gi1/0/25\r\n 900    bc8d.1f90.1d45    DYNAMIC     Gi1/0/25\r\n 910    0000.0c07.ac01    DYNAMIC     Gi1/0/25\r\n 910    00b7.7115.483c    DYNAMIC     Gi1/0/25\r\n 910    7c21.0e4c.62f6    DYNAMIC     Gi1/0/25\r\n 910    881d.fc3a.f2c4    DYNAMIC     Gi1/0/25\r\n 910    bc8d.1f90.1d03    DYNAMIC     Gi1/0/25\r\n 910    bc8d.1f90.1d7e    DYNAMIC     Gi1/0/25\r\n 990    0000.0c9f.f001    DYNAMIC     Gi1/0/25\r\n 990    bc8d.1f90.1d03    DYNAMIC     Gi1/0/25\r\n 990    bc8d.1f90.1d73    DYNAMIC     Gi1/0/25\r\n 999    4cec.0f1b.9b81    DYNAMIC     Gi1/0/23\r\n 999    bc8d.1f90.1d03    DYNAMIC     Gi1/0/25\r\n 150    bc8d.1f90.1d03    DYNAMIC     Gi1/0/25\r\n 150    bc8d.1f90.1d7d    DYNAMIC     Gi1/0/25\r\n 151    bc8d.1f90.1d03    DYNAMIC     Gi1/0/25\r\n 151    bc8d.1f90.1d4d    DYNAMIC     Gi1/0/25\r\n 152    bc8d.1f90.1d03    DYNAMIC     Gi1/0/25\r\n 152    bc8d.1f90.1d59    DYNAMIC     Gi1/0/25\r\n 503    bc8d.1f90.1d03    DYNAMIC     Gi1/0/25\r\n 503    bc8d.1f90.1d56    DYNAMIC     Gi1/0/25\r\nTotal Mac Addresses for this criterion: 68\r\n73-lab-cis1#"
    }
]