[
    {
        "status": 0,
        "timestamp": 1719781062221,
        "cmd_timestamp": 1719781061580,
        "cmd": "show ip ospf interface",
        "devtype": "ios",
        "namespace": "lab",
        "hostname": "73-lab-cis2",
        "address": "172.16.14.3",
        "version": "15.2(7)E6",
        "data": "show ip ospf interface\r\n73-lab-cis2#"
    },
    {
        "status": 0,
        "timestamp": 1719781062611,
        "cmd_timestamp": 1719781062221,
        "cmd": "show ip ospf",
        "devtype": "ios",
        "namespace": "lab",
        "hostname": "73-lab-cis2",
        "address": "172.16.14.3",
        "version": "15.2(7)E6",
        "data": "show ip ospf\r\n73-lab-cis2#"
    }
][
    {
        "status": 0,
        "timestamp": 1719783278847,
        "cmd_timestamp": 1719783278491,
        "cmd": "show ip ospf interface",
        "devtype": "ios",
        "namespace": "lab",
        "hostname": "73-lab-cis1",
        "address": "73-lab-cis1.telcom.arizona.edu",
        "version": "15.2(7)E4",
        "data": "show ip ospf interface\r\n73-lab-cis1#"
    },
    {
        "status": 0,
        "timestamp": 1719783279126,
        "cmd_timestamp": 1719783278847,
        "cmd": "show ip ospf",
        "devtype": "ios",
        "namespace": "lab",
        "hostname": "73-lab-cis1",
        "address": "73-lab-cis1.telcom.arizona.edu",
        "version": "15.2(7)E4",
        "data": "show ip ospf\r\n73-lab-cis1#"
    }
][
    {
        "status": 0,
        "timestamp": 1720049302819,
        "cmd_timestamp": 1720049302490,
        "cmd": "show ip ospf interface",
        "devtype": "ios",
        "namespace": "string",
        "hostname": "73-lab-cis1",
        "address": "73-lab-cis1.telcom.arizona.edu",
        "version": "15.2(7)E4",
        "data": "show ip ospf interface\r\n73-lab-cis1#"
    },
    {
        "status": 0,
        "timestamp": 1720049303146,
        "cmd_timestamp": 1720049302819,
        "cmd": "show ip ospf",
        "devtype": "ios",
        "namespace": "string",
        "hostname": "73-lab-cis1",
        "address": "73-lab-cis1.telcom.arizona.edu",
        "version": "15.2(7)E4",
        "data": "show ip ospf\r\n73-lab-cis1#"
    }
]