[
    {
        "status": 0,
        "timestamp": 1719781066787,
        "cmd_timestamp": 1719781066157,
        "cmd": "show ip ospf neighbor detail",
        "devtype": "ios",
        "namespace": "lab",
        "hostname": "73-lab-cis2",
        "address": "172.16.14.3",
        "version": "15.2(7)E6",
        "data": "show ip ospf neighbor detail\r\n73-lab-cis2#"
    }
][
    {
        "status": 0,
        "timestamp": 1719783278470,
        "cmd_timestamp": 1719783278110,
        "cmd": "show ip ospf neighbor detail",
        "devtype": "ios",
        "namespace": "lab",
        "hostname": "73-lab-cis1",
        "address": "73-lab-cis1.telcom.arizona.edu",
        "version": "15.2(7)E4",
        "data": "show ip ospf neighbor detail\r\n73-lab-cis1#"
    }
][
    {
        "status": 0,
        "timestamp": 1720049308940,
        "cmd_timestamp": 1720049308578,
        "cmd": "show ip ospf neighbor detail",
        "devtype": "ios",
        "namespace": "string",
        "hostname": "73-lab-cis1",
        "address": "73-lab-cis1.telcom.arizona.edu",
        "version": "15.2(7)E4",
        "data": "show ip ospf neighbor detail\r\n73-lab-cis1#"
    }
]